This file contains any messages produced by compilers while
running configure, to aid debugging if configure makes a mistake.

It was created by package-unused configure version-unused, which was
generated by GNU Autoconf 2.64.  Invocation command line was

  $ /home/stuartb/Projects/os/src/gcc-4.8.1/libstdc++-v3/configure --cache-file=./config.cache --enable-multilib --with-cross-host=x86_64-unknown-linux-gnu --prefix=/home/stuartb/Projects/os/cross --disable-nls --without-headers --enable-languages=c,c++,lto --program-transform-name=s&^&i686-elf-& --disable-option-checking --with-target-subdir=i686-elf --build=x86_64-unknown-linux-gnu --host=i686-elf --target=i686-elf --srcdir=../../../gcc-4.8.1/libstdc++-v3

## --------- ##
## Platform. ##
## --------- ##

hostname = stuartb-MacBookPro2
uname -m = x86_64
uname -r = 3.11.0-12-generic
uname -s = Linux
uname -v = #19-Ubuntu SMP Wed Oct 9 16:20:46 UTC 2013

/usr/bin/uname -p = unknown
/bin/uname -X     = unknown

/bin/arch              = unknown
/usr/bin/arch -k       = unknown
/usr/convex/getsysinfo = unknown
/usr/bin/hostinfo      = unknown
/bin/machine           = unknown
/usr/bin/oslevel       = unknown
/bin/universe          = unknown

PATH: /home/stuartb/Projects/os/cross/bin
PATH: /home/stuartb/bin
PATH: /usr/local/sbin
PATH: /usr/local/bin
PATH: /usr/sbin
PATH: /usr/bin
PATH: /sbin
PATH: /bin
PATH: /usr/games
PATH: /usr/local/games


## ----------- ##
## Core tests. ##
## ----------- ##

configure:2759: creating cache ./config.cache
configure:2925: checking build system type
configure:2939: result: x86_64-unknown-linux-gnu
configure:2959: checking host system type
configure:2972: result: i686-pc-elf
configure:2992: checking target system type
configure:3005: result: i686-pc-elf
configure:3090: checking for a BSD-compatible install
configure:3158: result: /usr/bin/install -c
configure:3169: checking whether build environment is sane
configure:3219: result: yes
configure:3268: checking for i686-elf-strip
configure:3295: result: /home/stuartb/Projects/os/cross/i686-elf/bin/strip
configure:3360: checking for a thread-safe mkdir -p
configure:3399: result: /bin/mkdir -p
configure:3412: checking for gawk
configure:3439: result: gawk
configure:3450: checking whether make sets $(MAKE)
configure:3472: result: yes
configure:3559: checking for i686-elf-gcc
configure:3586: result: /home/stuartb/Projects/os/src/build-gcc/./gcc/xgcc -B/home/stuartb/Projects/os/src/build-gcc/./gcc/ -B/home/stuartb/Projects/os/cross/i686-elf/bin/ -B/home/stuartb/Projects/os/cross/i686-elf/lib/ -isystem /home/stuartb/Projects/os/cross/i686-elf/include -isystem /home/stuartb/Projects/os/cross/i686-elf/sys-include   
configure:3855: checking for C compiler version
configure:3864: /home/stuartb/Projects/os/src/build-gcc/./gcc/xgcc -B/home/stuartb/Projects/os/src/build-gcc/./gcc/ -B/home/stuartb/Projects/os/cross/i686-elf/bin/ -B/home/stuartb/Projects/os/cross/i686-elf/lib/ -isystem /home/stuartb/Projects/os/cross/i686-elf/include -isystem /home/stuartb/Projects/os/cross/i686-elf/sys-include    --version >&5
xgcc (GCC) 4.8.1
Copyright (C) 2013 Free Software Foundation, Inc.
This is free software; see the source for copying conditions.  There is NO
warranty; not even for MERCHANTABILITY or FITNESS FOR A PARTICULAR PURPOSE.

configure:3875: $? = 0
configure:3864: /home/stuartb/Projects/os/src/build-gcc/./gcc/xgcc -B/home/stuartb/Projects/os/src/build-gcc/./gcc/ -B/home/stuartb/Projects/os/cross/i686-elf/bin/ -B/home/stuartb/Projects/os/cross/i686-elf/lib/ -isystem /home/stuartb/Projects/os/cross/i686-elf/include -isystem /home/stuartb/Projects/os/cross/i686-elf/sys-include    -v >&5
Reading specs from /home/stuartb/Projects/os/src/build-gcc/./gcc/specs
COLLECT_GCC=/home/stuartb/Projects/os/src/build-gcc/./gcc/xgcc
COLLECT_LTO_WRAPPER=/home/stuartb/Projects/os/src/build-gcc/./gcc/lto-wrapper
Target: i686-elf
Configured with: ../gcc-4.8.1/configure --target=i686-elf --prefix=/home/stuartb/Projects/os/cross --disable-nls --enable-languages=c,c++ --without-headers
Thread model: single
gcc version 4.8.1 (GCC) 
configure:3875: $? = 0
configure:3864: /home/stuartb/Projects/os/src/build-gcc/./gcc/xgcc -B/home/stuartb/Projects/os/src/build-gcc/./gcc/ -B/home/stuartb/Projects/os/cross/i686-elf/bin/ -B/home/stuartb/Projects/os/cross/i686-elf/lib/ -isystem /home/stuartb/Projects/os/cross/i686-elf/include -isystem /home/stuartb/Projects/os/cross/i686-elf/sys-include    -V >&5
xgcc: error: unrecognized command line option '-V'
xgcc: fatal error: no input files
compilation terminated.
configure:3875: $? = 1
configure:3864: /home/stuartb/Projects/os/src/build-gcc/./gcc/xgcc -B/home/stuartb/Projects/os/src/build-gcc/./gcc/ -B/home/stuartb/Projects/os/cross/i686-elf/bin/ -B/home/stuartb/Projects/os/cross/i686-elf/lib/ -isystem /home/stuartb/Projects/os/cross/i686-elf/include -isystem /home/stuartb/Projects/os/cross/i686-elf/sys-include    -qversion >&5
xgcc: error: unrecognized command line option '-qversion'
xgcc: fatal error: no input files
compilation terminated.
configure:3875: $? = 1
configure:3891: /home/stuartb/Projects/os/src/build-gcc/./gcc/xgcc -B/home/stuartb/Projects/os/src/build-gcc/./gcc/ -B/home/stuartb/Projects/os/cross/i686-elf/bin/ -B/home/stuartb/Projects/os/cross/i686-elf/lib/ -isystem /home/stuartb/Projects/os/cross/i686-elf/include -isystem /home/stuartb/Projects/os/cross/i686-elf/sys-include    -o conftest -g -O2   conftest.c  >&5
/home/stuartb/Projects/os/cross/i686-elf/bin/ld: cannot find crt0.o: No such file or directory
/home/stuartb/Projects/os/cross/i686-elf/bin/ld: cannot find -lg
/home/stuartb/Projects/os/cross/i686-elf/bin/ld: cannot find -lc
collect2: error: ld returned 1 exit status
configure:3894: $? = 1
configure:4082: checking for suffix of object files
configure:4104: /home/stuartb/Projects/os/src/build-gcc/./gcc/xgcc -B/home/stuartb/Projects/os/src/build-gcc/./gcc/ -B/home/stuartb/Projects/os/cross/i686-elf/bin/ -B/home/stuartb/Projects/os/cross/i686-elf/lib/ -isystem /home/stuartb/Projects/os/cross/i686-elf/include -isystem /home/stuartb/Projects/os/cross/i686-elf/sys-include    -c -g -O2  conftest.c >&5
configure:4108: $? = 0
configure:4129: result: o
configure:4133: checking whether we are using the GNU C compiler
configure:4152: /home/stuartb/Projects/os/src/build-gcc/./gcc/xgcc -B/home/stuartb/Projects/os/src/build-gcc/./gcc/ -B/home/stuartb/Projects/os/cross/i686-elf/bin/ -B/home/stuartb/Projects/os/cross/i686-elf/lib/ -isystem /home/stuartb/Projects/os/cross/i686-elf/include -isystem /home/stuartb/Projects/os/cross/i686-elf/sys-include    -c -g -O2  conftest.c >&5
configure:4152: $? = 0
configure:4161: result: yes
configure:4170: checking whether /home/stuartb/Projects/os/src/build-gcc/./gcc/xgcc -B/home/stuartb/Projects/os/src/build-gcc/./gcc/ -B/home/stuartb/Projects/os/cross/i686-elf/bin/ -B/home/stuartb/Projects/os/cross/i686-elf/lib/ -isystem /home/stuartb/Projects/os/cross/i686-elf/include -isystem /home/stuartb/Projects/os/cross/i686-elf/sys-include    accepts -g
configure:4190: /home/stuartb/Projects/os/src/build-gcc/./gcc/xgcc -B/home/stuartb/Projects/os/src/build-gcc/./gcc/ -B/home/stuartb/Projects/os/cross/i686-elf/bin/ -B/home/stuartb/Projects/os/cross/i686-elf/lib/ -isystem /home/stuartb/Projects/os/cross/i686-elf/include -isystem /home/stuartb/Projects/os/cross/i686-elf/sys-include    -c -g  conftest.c >&5
configure:4190: $? = 0
configure:4231: result: yes
configure:4248: checking for /home/stuartb/Projects/os/src/build-gcc/./gcc/xgcc -B/home/stuartb/Projects/os/src/build-gcc/./gcc/ -B/home/stuartb/Projects/os/cross/i686-elf/bin/ -B/home/stuartb/Projects/os/cross/i686-elf/lib/ -isystem /home/stuartb/Projects/os/cross/i686-elf/include -isystem /home/stuartb/Projects/os/cross/i686-elf/sys-include    option to accept ISO C89
configure:4312: /home/stuartb/Projects/os/src/build-gcc/./gcc/xgcc -B/home/stuartb/Projects/os/src/build-gcc/./gcc/ -B/home/stuartb/Projects/os/cross/i686-elf/bin/ -B/home/stuartb/Projects/os/cross/i686-elf/lib/ -isystem /home/stuartb/Projects/os/cross/i686-elf/include -isystem /home/stuartb/Projects/os/cross/i686-elf/sys-include     -c -g -O2  conftest.c >&5
conftest.c:10:19: fatal error: stdio.h: No such file or directory
 #include <stdio.h>
                   ^
compilation terminated.
configure:4312: $? = 1
configure: failed program was:
| /* confdefs.h */
| #define PACKAGE_NAME "package-unused"
| #define PACKAGE_TARNAME "libstdc++"
| #define PACKAGE_VERSION "version-unused"
| #define PACKAGE_STRING "package-unused version-unused"
| #define PACKAGE_BUGREPORT ""
| #define PACKAGE_URL ""
| /* end confdefs.h.  */
| #include <stdarg.h>
| #include <stdio.h>
| #include <sys/types.h>
| #include <sys/stat.h>
| /* Most of the following tests are stolen from RCS 5.7's src/conf.sh.  */
| struct buf { int x; };
| FILE * (*rcsopen) (struct buf *, struct stat *, int);
| static char *e (p, i)
|      char **p;
|      int i;
| {
|   return p[i];
| }
| static char *f (char * (*g) (char **, int), char **p, ...)
| {
|   char *s;
|   va_list v;
|   va_start (v,p);
|   s = g (p, va_arg (v,int));
|   va_end (v);
|   return s;
| }
| 
| /* OSF 4.0 Compaq cc is some sort of almost-ANSI by default.  It has
|    function prototypes and stuff, but not '\xHH' hex character constants.
|    These don't provoke an error unfortunately, instead are silently treated
|    as 'x'.  The following induces an error, until -std is added to get
|    proper ANSI mode.  Curiously '\x00'!='x' always comes out true, for an
|    array size at least.  It's necessary to write '\x00'==0 to get something
|    that's true only with -std.  */
| int osf4_cc_array ['\x00' == 0 ? 1 : -1];
| 
| /* IBM C 6 for AIX is almost-ANSI by default, but it replaces macro parameters
|    inside strings and character constants.  */
| #define FOO(x) 'x'
| int xlc6_cc_array[FOO(a) == 'x' ? 1 : -1];
| 
| int test (int i, double x);
| struct s1 {int (*f) (int a);};
| struct s2 {int (*f) (double a);};
| int pairnames (int, char **, FILE *(*)(struct buf *, struct stat *, int), int, int);
| int argc;
| char **argv;
| int
| main ()
| {
| return f (e, argv, 0) != argv[0]  ||  f (e, argv, 1) != argv[1];
|   ;
|   return 0;
| }
configure:4312: /home/stuartb/Projects/os/src/build-gcc/./gcc/xgcc -B/home/stuartb/Projects/os/src/build-gcc/./gcc/ -B/home/stuartb/Projects/os/cross/i686-elf/bin/ -B/home/stuartb/Projects/os/cross/i686-elf/lib/ -isystem /home/stuartb/Projects/os/cross/i686-elf/include -isystem /home/stuartb/Projects/os/cross/i686-elf/sys-include    -qlanglvl=extc89 -c -g -O2  conftest.c >&5
xgcc: error: unrecognized command line option '-qlanglvl=extc89'
configure:4312: $? = 1
configure: failed program was:
| /* confdefs.h */
| #define PACKAGE_NAME "package-unused"
| #define PACKAGE_TARNAME "libstdc++"
| #define PACKAGE_VERSION "version-unused"
| #define PACKAGE_STRING "package-unused version-unused"
| #define PACKAGE_BUGREPORT ""
| #define PACKAGE_URL ""
| /* end confdefs.h.  */
| #include <stdarg.h>
| #include <stdio.h>
| #include <sys/types.h>
| #include <sys/stat.h>
| /* Most of the following tests are stolen from RCS 5.7's src/conf.sh.  */
| struct buf { int x; };
| FILE * (*rcsopen) (struct buf *, struct stat *, int);
| static char *e (p, i)
|      char **p;
|      int i;
| {
|   return p[i];
| }
| static char *f (char * (*g) (char **, int), char **p, ...)
| {
|   char *s;
|   va_list v;
|   va_start (v,p);
|   s = g (p, va_arg (v,int));
|   va_end (v);
|   return s;
| }
| 
| /* OSF 4.0 Compaq cc is some sort of almost-ANSI by default.  It has
|    function prototypes and stuff, but not '\xHH' hex character constants.
|    These don't provoke an error unfortunately, instead are silently treated
|    as 'x'.  The following induces an error, until -std is added to get
|    proper ANSI mode.  Curiously '\x00'!='x' always comes out true, for an
|    array size at least.  It's necessary to write '\x00'==0 to get something
|    that's true only with -std.  */
| int osf4_cc_array ['\x00' == 0 ? 1 : -1];
| 
| /* IBM C 6 for AIX is almost-ANSI by default, but it replaces macro parameters
|    inside strings and character constants.  */
| #define FOO(x) 'x'
| int xlc6_cc_array[FOO(a) == 'x' ? 1 : -1];
| 
| int test (int i, double x);
| struct s1 {int (*f) (int a);};
| struct s2 {int (*f) (double a);};
| int pairnames (int, char **, FILE *(*)(struct buf *, struct stat *, int), int, int);
| int argc;
| char **argv;
| int
| main ()
| {
| return f (e, argv, 0) != argv[0]  ||  f (e, argv, 1) != argv[1];
|   ;
|   return 0;
| }
configure:4312: /home/stuartb/Projects/os/src/build-gcc/./gcc/xgcc -B/home/stuartb/Projects/os/src/build-gcc/./gcc/ -B/home/stuartb/Projects/os/cross/i686-elf/bin/ -B/home/stuartb/Projects/os/cross/i686-elf/lib/ -isystem /home/stuartb/Projects/os/cross/i686-elf/include -isystem /home/stuartb/Projects/os/cross/i686-elf/sys-include    -qlanglvl=ansi -c -g -O2  conftest.c >&5
xgcc: error: unrecognized command line option '-qlanglvl=ansi'
configure:4312: $? = 1
configure: failed program was:
| /* confdefs.h */
| #define PACKAGE_NAME "package-unused"
| #define PACKAGE_TARNAME "libstdc++"
| #define PACKAGE_VERSION "version-unused"
| #define PACKAGE_STRING "package-unused version-unused"
| #define PACKAGE_BUGREPORT ""
| #define PACKAGE_URL ""
| /* end confdefs.h.  */
| #include <stdarg.h>
| #include <stdio.h>
| #include <sys/types.h>
| #include <sys/stat.h>
| /* Most of the following tests are stolen from RCS 5.7's src/conf.sh.  */
| struct buf { int x; };
| FILE * (*rcsopen) (struct buf *, struct stat *, int);
| static char *e (p, i)
|      char **p;
|      int i;
| {
|   return p[i];
| }
| static char *f (char * (*g) (char **, int), char **p, ...)
| {
|   char *s;
|   va_list v;
|   va_start (v,p);
|   s = g (p, va_arg (v,int));
|   va_end (v);
|   return s;
| }
| 
| /* OSF 4.0 Compaq cc is some sort of almost-ANSI by default.  It has
|    function prototypes and stuff, but not '\xHH' hex character constants.
|    These don't provoke an error unfortunately, instead are silently treated
|    as 'x'.  The following induces an error, until -std is added to get
|    proper ANSI mode.  Curiously '\x00'!='x' always comes out true, for an
|    array size at least.  It's necessary to write '\x00'==0 to get something
|    that's true only with -std.  */
| int osf4_cc_array ['\x00' == 0 ? 1 : -1];
| 
| /* IBM C 6 for AIX is almost-ANSI by default, but it replaces macro parameters
|    inside strings and character constants.  */
| #define FOO(x) 'x'
| int xlc6_cc_array[FOO(a) == 'x' ? 1 : -1];
| 
| int test (int i, double x);
| struct s1 {int (*f) (int a);};
| struct s2 {int (*f) (double a);};
| int pairnames (int, char **, FILE *(*)(struct buf *, struct stat *, int), int, int);
| int argc;
| char **argv;
| int
| main ()
| {
| return f (e, argv, 0) != argv[0]  ||  f (e, argv, 1) != argv[1];
|   ;
|   return 0;
| }
configure:4312: /home/stuartb/Projects/os/src/build-gcc/./gcc/xgcc -B/home/stuartb/Projects/os/src/build-gcc/./gcc/ -B/home/stuartb/Projects/os/cross/i686-elf/bin/ -B/home/stuartb/Projects/os/cross/i686-elf/lib/ -isystem /home/stuartb/Projects/os/cross/i686-elf/include -isystem /home/stuartb/Projects/os/cross/i686-elf/sys-include    -std -c -g -O2  conftest.c >&5
xgcc: error: unrecognized command line option '-std'
configure:4312: $? = 1
configure: failed program was:
| /* confdefs.h */
| #define PACKAGE_NAME "package-unused"
| #define PACKAGE_TARNAME "libstdc++"
| #define PACKAGE_VERSION "version-unused"
| #define PACKAGE_STRING "package-unused version-unused"
| #define PACKAGE_BUGREPORT ""
| #define PACKAGE_URL ""
| /* end confdefs.h.  */
| #include <stdarg.h>
| #include <stdio.h>
| #include <sys/types.h>
| #include <sys/stat.h>
| /* Most of the following tests are stolen from RCS 5.7's src/conf.sh.  */
| struct buf { int x; };
| FILE * (*rcsopen) (struct buf *, struct stat *, int);
| static char *e (p, i)
|      char **p;
|      int i;
| {
|   return p[i];
| }
| static char *f (char * (*g) (char **, int), char **p, ...)
| {
|   char *s;
|   va_list v;
|   va_start (v,p);
|   s = g (p, va_arg (v,int));
|   va_end (v);
|   return s;
| }
| 
| /* OSF 4.0 Compaq cc is some sort of almost-ANSI by default.  It has
|    function prototypes and stuff, but not '\xHH' hex character constants.
|    These don't provoke an error unfortunately, instead are silently treated
|    as 'x'.  The following induces an error, until -std is added to get
|    proper ANSI mode.  Curiously '\x00'!='x' always comes out true, for an
|    array size at least.  It's necessary to write '\x00'==0 to get something
|    that's true only with -std.  */
| int osf4_cc_array ['\x00' == 0 ? 1 : -1];
| 
| /* IBM C 6 for AIX is almost-ANSI by default, but it replaces macro parameters
|    inside strings and character constants.  */
| #define FOO(x) 'x'
| int xlc6_cc_array[FOO(a) == 'x' ? 1 : -1];
| 
| int test (int i, double x);
| struct s1 {int (*f) (int a);};
| struct s2 {int (*f) (double a);};
| int pairnames (int, char **, FILE *(*)(struct buf *, struct stat *, int), int, int);
| int argc;
| char **argv;
| int
| main ()
| {
| return f (e, argv, 0) != argv[0]  ||  f (e, argv, 1) != argv[1];
|   ;
|   return 0;
| }
configure:4312: /home/stuartb/Projects/os/src/build-gcc/./gcc/xgcc -B/home/stuartb/Projects/os/src/build-gcc/./gcc/ -B/home/stuartb/Projects/os/cross/i686-elf/bin/ -B/home/stuartb/Projects/os/cross/i686-elf/lib/ -isystem /home/stuartb/Projects/os/cross/i686-elf/include -isystem /home/stuartb/Projects/os/cross/i686-elf/sys-include    -Ae -c -g -O2  conftest.c >&5
<command-line>:0:1: error: missing '(' after predicate
conftest.c:10:19: fatal error: stdio.h: No such file or directory
 #include <stdio.h>
                   ^
compilation terminated.
configure:4312: $? = 1
configure: failed program was:
| /* confdefs.h */
| #define PACKAGE_NAME "package-unused"
| #define PACKAGE_TARNAME "libstdc++"
| #define PACKAGE_VERSION "version-unused"
| #define PACKAGE_STRING "package-unused version-unused"
| #define PACKAGE_BUGREPORT ""
| #define PACKAGE_URL ""
| /* end confdefs.h.  */
| #include <stdarg.h>
| #include <stdio.h>
| #include <sys/types.h>
| #include <sys/stat.h>
| /* Most of the following tests are stolen from RCS 5.7's src/conf.sh.  */
| struct buf { int x; };
| FILE * (*rcsopen) (struct buf *, struct stat *, int);
| static char *e (p, i)
|      char **p;
|      int i;
| {
|   return p[i];
| }
| static char *f (char * (*g) (char **, int), char **p, ...)
| {
|   char *s;
|   va_list v;
|   va_start (v,p);
|   s = g (p, va_arg (v,int));
|   va_end (v);
|   return s;
| }
| 
| /* OSF 4.0 Compaq cc is some sort of almost-ANSI by default.  It has
|    function prototypes and stuff, but not '\xHH' hex character constants.
|    These don't provoke an error unfortunately, instead are silently treated
|    as 'x'.  The following induces an error, until -std is added to get
|    proper ANSI mode.  Curiously '\x00'!='x' always comes out true, for an
|    array size at least.  It's necessary to write '\x00'==0 to get something
|    that's true only with -std.  */
| int osf4_cc_array ['\x00' == 0 ? 1 : -1];
| 
| /* IBM C 6 for AIX is almost-ANSI by default, but it replaces macro parameters
|    inside strings and character constants.  */
| #define FOO(x) 'x'
| int xlc6_cc_array[FOO(a) == 'x' ? 1 : -1];
| 
| int test (int i, double x);
| struct s1 {int (*f) (int a);};
| struct s2 {int (*f) (double a);};
| int pairnames (int, char **, FILE *(*)(struct buf *, struct stat *, int), int, int);
| int argc;
| char **argv;
| int
| main ()
| {
| return f (e, argv, 0) != argv[0]  ||  f (e, argv, 1) != argv[1];
|   ;
|   return 0;
| }
configure:4312: /home/stuartb/Projects/os/src/build-gcc/./gcc/xgcc -B/home/stuartb/Projects/os/src/build-gcc/./gcc/ -B/home/stuartb/Projects/os/cross/i686-elf/bin/ -B/home/stuartb/Projects/os/cross/i686-elf/lib/ -isystem /home/stuartb/Projects/os/cross/i686-elf/include -isystem /home/stuartb/Projects/os/cross/i686-elf/sys-include    -Aa -D_HPUX_SOURCE -c -g -O2  conftest.c >&5
<command-line>:0:1: error: missing '(' after predicate
conftest.c:10:19: fatal error: stdio.h: No such file or directory
 #include <stdio.h>
                   ^
compilation terminated.
configure:4312: $? = 1
configure: failed program was:
| /* confdefs.h */
| #define PACKAGE_NAME "package-unused"
| #define PACKAGE_TARNAME "libstdc++"
| #define PACKAGE_VERSION "version-unused"
| #define PACKAGE_STRING "package-unused version-unused"
| #define PACKAGE_BUGREPORT ""
| #define PACKAGE_URL ""
| /* end confdefs.h.  */
| #include <stdarg.h>
| #include <stdio.h>
| #include <sys/types.h>
| #include <sys/stat.h>
| /* Most of the following tests are stolen from RCS 5.7's src/conf.sh.  */
| struct buf { int x; };
| FILE * (*rcsopen) (struct buf *, struct stat *, int);
| static char *e (p, i)
|      char **p;
|      int i;
| {
|   return p[i];
| }
| static char *f (char * (*g) (char **, int), char **p, ...)
| {
|   char *s;
|   va_list v;
|   va_start (v,p);
|   s = g (p, va_arg (v,int));
|   va_end (v);
|   return s;
| }
| 
| /* OSF 4.0 Compaq cc is some sort of almost-ANSI by default.  It has
|    function prototypes and stuff, but not '\xHH' hex character constants.
|    These don't provoke an error unfortunately, instead are silently treated
|    as 'x'.  The following induces an error, until -std is added to get
|    proper ANSI mode.  Curiously '\x00'!='x' always comes out true, for an
|    array size at least.  It's necessary to write '\x00'==0 to get something
|    that's true only with -std.  */
| int osf4_cc_array ['\x00' == 0 ? 1 : -1];
| 
| /* IBM C 6 for AIX is almost-ANSI by default, but it replaces macro parameters
|    inside strings and character constants.  */
| #define FOO(x) 'x'
| int xlc6_cc_array[FOO(a) == 'x' ? 1 : -1];
| 
| int test (int i, double x);
| struct s1 {int (*f) (int a);};
| struct s2 {int (*f) (double a);};
| int pairnames (int, char **, FILE *(*)(struct buf *, struct stat *, int), int, int);
| int argc;
| char **argv;
| int
| main ()
| {
| return f (e, argv, 0) != argv[0]  ||  f (e, argv, 1) != argv[1];
|   ;
|   return 0;
| }
configure:4312: /home/stuartb/Projects/os/src/build-gcc/./gcc/xgcc -B/home/stuartb/Projects/os/src/build-gcc/./gcc/ -B/home/stuartb/Projects/os/cross/i686-elf/bin/ -B/home/stuartb/Projects/os/cross/i686-elf/lib/ -isystem /home/stuartb/Projects/os/cross/i686-elf/include -isystem /home/stuartb/Projects/os/cross/i686-elf/sys-include    -Xc -D__EXTENSIONS__ -c -g -O2  conftest.c >&5
xgcc: error: unrecognized command line option '-Xc'
configure:4312: $? = 1
configure: failed program was:
| /* confdefs.h */
| #define PACKAGE_NAME "package-unused"
| #define PACKAGE_TARNAME "libstdc++"
| #define PACKAGE_VERSION "version-unused"
| #define PACKAGE_STRING "package-unused version-unused"
| #define PACKAGE_BUGREPORT ""
| #define PACKAGE_URL ""
| /* end confdefs.h.  */
| #include <stdarg.h>
| #include <stdio.h>
| #include <sys/types.h>
| #include <sys/stat.h>
| /* Most of the following tests are stolen from RCS 5.7's src/conf.sh.  */
| struct buf { int x; };
| FILE * (*rcsopen) (struct buf *, struct stat *, int);
| static char *e (p, i)
|      char **p;
|      int i;
| {
|   return p[i];
| }
| static char *f (char * (*g) (char **, int), char **p, ...)
| {
|   char *s;
|   va_list v;
|   va_start (v,p);
|   s = g (p, va_arg (v,int));
|   va_end (v);
|   return s;
| }
| 
| /* OSF 4.0 Compaq cc is some sort of almost-ANSI by default.  It has
|    function prototypes and stuff, but not '\xHH' hex character constants.
|    These don't provoke an error unfortunately, instead are silently treated
|    as 'x'.  The following induces an error, until -std is added to get
|    proper ANSI mode.  Curiously '\x00'!='x' always comes out true, for an
|    array size at least.  It's necessary to write '\x00'==0 to get something
|    that's true only with -std.  */
| int osf4_cc_array ['\x00' == 0 ? 1 : -1];
| 
| /* IBM C 6 for AIX is almost-ANSI by default, but it replaces macro parameters
|    inside strings and character constants.  */
| #define FOO(x) 'x'
| int xlc6_cc_array[FOO(a) == 'x' ? 1 : -1];
| 
| int test (int i, double x);
| struct s1 {int (*f) (int a);};
| struct s2 {int (*f) (double a);};
| int pairnames (int, char **, FILE *(*)(struct buf *, struct stat *, int), int, int);
| int argc;
| char **argv;
| int
| main ()
| {
| return f (e, argv, 0) != argv[0]  ||  f (e, argv, 1) != argv[1];
|   ;
|   return 0;
| }
configure:4328: result: unsupported
configure:4457: checking for C++ compiler version
configure:4466:  /home/stuartb/Projects/os/src/build-gcc/./gcc/xgcc -shared-libgcc -B/home/stuartb/Projects/os/src/build-gcc/./gcc -nostdinc++ -L/home/stuartb/Projects/os/src/build-gcc/i686-elf/libstdc++-v3/src -L/home/stuartb/Projects/os/src/build-gcc/i686-elf/libstdc++-v3/src/.libs -B/home/stuartb/Projects/os/cross/i686-elf/bin/ -B/home/stuartb/Projects/os/cross/i686-elf/lib/ -isystem /home/stuartb/Projects/os/cross/i686-elf/include -isystem /home/stuartb/Projects/os/cross/i686-elf/sys-include    --version >&5
xgcc (GCC) 4.8.1
Copyright (C) 2013 Free Software Foundation, Inc.
This is free software; see the source for copying conditions.  There is NO
warranty; not even for MERCHANTABILITY or FITNESS FOR A PARTICULAR PURPOSE.

configure:4477: $? = 0
configure:4466:  /home/stuartb/Projects/os/src/build-gcc/./gcc/xgcc -shared-libgcc -B/home/stuartb/Projects/os/src/build-gcc/./gcc -nostdinc++ -L/home/stuartb/Projects/os/src/build-gcc/i686-elf/libstdc++-v3/src -L/home/stuartb/Projects/os/src/build-gcc/i686-elf/libstdc++-v3/src/.libs -B/home/stuartb/Projects/os/cross/i686-elf/bin/ -B/home/stuartb/Projects/os/cross/i686-elf/lib/ -isystem /home/stuartb/Projects/os/cross/i686-elf/include -isystem /home/stuartb/Projects/os/cross/i686-elf/sys-include    -v >&5
Reading specs from /home/stuartb/Projects/os/src/build-gcc/./gcc/specs
COLLECT_GCC=/home/stuartb/Projects/os/src/build-gcc/./gcc/xgcc
COLLECT_LTO_WRAPPER=/home/stuartb/Projects/os/src/build-gcc/./gcc/lto-wrapper
Target: i686-elf
Configured with: ../gcc-4.8.1/configure --target=i686-elf --prefix=/home/stuartb/Projects/os/cross --disable-nls --enable-languages=c,c++ --without-headers
Thread model: single
gcc version 4.8.1 (GCC) 
configure:4477: $? = 0
configure:4466:  /home/stuartb/Projects/os/src/build-gcc/./gcc/xgcc -shared-libgcc -B/home/stuartb/Projects/os/src/build-gcc/./gcc -nostdinc++ -L/home/stuartb/Projects/os/src/build-gcc/i686-elf/libstdc++-v3/src -L/home/stuartb/Projects/os/src/build-gcc/i686-elf/libstdc++-v3/src/.libs -B/home/stuartb/Projects/os/cross/i686-elf/bin/ -B/home/stuartb/Projects/os/cross/i686-elf/lib/ -isystem /home/stuartb/Projects/os/cross/i686-elf/include -isystem /home/stuartb/Projects/os/cross/i686-elf/sys-include    -V >&5
xgcc: error: unrecognized command line option '-V'
xgcc: fatal error: no input files
compilation terminated.
configure:4477: $? = 1
configure:4466:  /home/stuartb/Projects/os/src/build-gcc/./gcc/xgcc -shared-libgcc -B/home/stuartb/Projects/os/src/build-gcc/./gcc -nostdinc++ -L/home/stuartb/Projects/os/src/build-gcc/i686-elf/libstdc++-v3/src -L/home/stuartb/Projects/os/src/build-gcc/i686-elf/libstdc++-v3/src/.libs -B/home/stuartb/Projects/os/cross/i686-elf/bin/ -B/home/stuartb/Projects/os/cross/i686-elf/lib/ -isystem /home/stuartb/Projects/os/cross/i686-elf/include -isystem /home/stuartb/Projects/os/cross/i686-elf/sys-include    -qversion >&5
xgcc: error: unrecognized command line option '-qversion'
xgcc: fatal error: no input files
compilation terminated.
configure:4477: $? = 1
configure:4481: checking whether we are using the GNU C++ compiler
configure:4500:  /home/stuartb/Projects/os/src/build-gcc/./gcc/xgcc -shared-libgcc -B/home/stuartb/Projects/os/src/build-gcc/./gcc -nostdinc++ -L/home/stuartb/Projects/os/src/build-gcc/i686-elf/libstdc++-v3/src -L/home/stuartb/Projects/os/src/build-gcc/i686-elf/libstdc++-v3/src/.libs -B/home/stuartb/Projects/os/cross/i686-elf/bin/ -B/home/stuartb/Projects/os/cross/i686-elf/lib/ -isystem /home/stuartb/Projects/os/cross/i686-elf/include -isystem /home/stuartb/Projects/os/cross/i686-elf/sys-include    -c -g -O2 -fno-builtin  conftest.cpp >&5
configure:4500: $? = 0
configure:4509: result: yes
configure:4518: checking whether  /home/stuartb/Projects/os/src/build-gcc/./gcc/xgcc -shared-libgcc -B/home/stuartb/Projects/os/src/build-gcc/./gcc -nostdinc++ -L/home/stuartb/Projects/os/src/build-gcc/i686-elf/libstdc++-v3/src -L/home/stuartb/Projects/os/src/build-gcc/i686-elf/libstdc++-v3/src/.libs -B/home/stuartb/Projects/os/cross/i686-elf/bin/ -B/home/stuartb/Projects/os/cross/i686-elf/lib/ -isystem /home/stuartb/Projects/os/cross/i686-elf/include -isystem /home/stuartb/Projects/os/cross/i686-elf/sys-include    accepts -g
configure:4538:  /home/stuartb/Projects/os/src/build-gcc/./gcc/xgcc -shared-libgcc -B/home/stuartb/Projects/os/src/build-gcc/./gcc -nostdinc++ -L/home/stuartb/Projects/os/src/build-gcc/i686-elf/libstdc++-v3/src -L/home/stuartb/Projects/os/src/build-gcc/i686-elf/libstdc++-v3/src/.libs -B/home/stuartb/Projects/os/cross/i686-elf/bin/ -B/home/stuartb/Projects/os/cross/i686-elf/lib/ -isystem /home/stuartb/Projects/os/cross/i686-elf/include -isystem /home/stuartb/Projects/os/cross/i686-elf/sys-include    -c -g  conftest.cpp >&5
configure:4538: $? = 0
configure:4579: result: yes
configure:4612: checking how to run the C preprocessor
configure:4643: /home/stuartb/Projects/os/src/build-gcc/./gcc/xgcc -B/home/stuartb/Projects/os/src/build-gcc/./gcc/ -B/home/stuartb/Projects/os/cross/i686-elf/bin/ -B/home/stuartb/Projects/os/cross/i686-elf/lib/ -isystem /home/stuartb/Projects/os/cross/i686-elf/include -isystem /home/stuartb/Projects/os/cross/i686-elf/sys-include    -E  conftest.c
configure:4643: $? = 0
configure:4657: /home/stuartb/Projects/os/src/build-gcc/./gcc/xgcc -B/home/stuartb/Projects/os/src/build-gcc/./gcc/ -B/home/stuartb/Projects/os/cross/i686-elf/bin/ -B/home/stuartb/Projects/os/cross/i686-elf/lib/ -isystem /home/stuartb/Projects/os/cross/i686-elf/include -isystem /home/stuartb/Projects/os/cross/i686-elf/sys-include    -E  conftest.c
conftest.c:9:28: fatal error: ac_nonexistent.h: No such file or directory
 #include <ac_nonexistent.h>
                            ^
compilation terminated.
configure:4657: $? = 1
configure: failed program was:
| /* confdefs.h */
| #define PACKAGE_NAME "package-unused"
| #define PACKAGE_TARNAME "libstdc++"
| #define PACKAGE_VERSION "version-unused"
| #define PACKAGE_STRING "package-unused version-unused"
| #define PACKAGE_BUGREPORT ""
| #define PACKAGE_URL ""
| /* end confdefs.h.  */
| #include <ac_nonexistent.h>
configure:4682: result: /home/stuartb/Projects/os/src/build-gcc/./gcc/xgcc -B/home/stuartb/Projects/os/src/build-gcc/./gcc/ -B/home/stuartb/Projects/os/cross/i686-elf/bin/ -B/home/stuartb/Projects/os/cross/i686-elf/lib/ -isystem /home/stuartb/Projects/os/cross/i686-elf/include -isystem /home/stuartb/Projects/os/cross/i686-elf/sys-include    -E
configure:4702: /home/stuartb/Projects/os/src/build-gcc/./gcc/xgcc -B/home/stuartb/Projects/os/src/build-gcc/./gcc/ -B/home/stuartb/Projects/os/cross/i686-elf/bin/ -B/home/stuartb/Projects/os/cross/i686-elf/lib/ -isystem /home/stuartb/Projects/os/cross/i686-elf/include -isystem /home/stuartb/Projects/os/cross/i686-elf/sys-include    -E  conftest.c
configure:4702: $? = 0
configure:4716: /home/stuartb/Projects/os/src/build-gcc/./gcc/xgcc -B/home/stuartb/Projects/os/src/build-gcc/./gcc/ -B/home/stuartb/Projects/os/cross/i686-elf/bin/ -B/home/stuartb/Projects/os/cross/i686-elf/lib/ -isystem /home/stuartb/Projects/os/cross/i686-elf/include -isystem /home/stuartb/Projects/os/cross/i686-elf/sys-include    -E  conftest.c
conftest.c:9:28: fatal error: ac_nonexistent.h: No such file or directory
 #include <ac_nonexistent.h>
                            ^
compilation terminated.
configure:4716: $? = 1
configure: failed program was:
| /* confdefs.h */
| #define PACKAGE_NAME "package-unused"
| #define PACKAGE_TARNAME "libstdc++"
| #define PACKAGE_VERSION "version-unused"
| #define PACKAGE_STRING "package-unused version-unused"
| #define PACKAGE_BUGREPORT ""
| #define PACKAGE_URL ""
| /* end confdefs.h.  */
| #include <ac_nonexistent.h>
configure:4745: checking for grep that handles long lines and -e
configure:4803: result: /bin/grep
configure:4808: checking for egrep
configure:4870: result: /bin/grep -E
configure:4922: checking whether ln -s works
configure:4926: result: yes
configure:4938: checking for i686-elf-as
configure:4965: result: /home/stuartb/Projects/os/src/build-gcc/./gcc/as
configure:5030: checking for i686-elf-ar
configure:5057: result: /home/stuartb/Projects/os/cross/i686-elf/bin/ar
configure:5122: checking for i686-elf-ranlib
configure:5149: result: /home/stuartb/Projects/os/cross/i686-elf/bin/ranlib
configure:5213: checking whether to enable maintainer-specific portions of Makefiles
configure:5222: result: no
conftest.c:10:21: fatal error: stdio.h: No such file or directory
   #include <stdio.h>
                     ^
compilation terminated.
conftest.c:10:21: fatal error: stdio.h: No such file or directory
   #include <stdio.h>
                     ^
compilation terminated.
configure:5283: CPU config directory is cpu/i486
configure:5285: OS config directory is os/generic
configure:5343: checking how to print strings
configure:5370: result: printf
configure:5391: checking for a sed that does not truncate output
configure:5455: result: /bin/sed
configure:5473: checking for fgrep
configure:5535: result: /bin/grep -F
configure:5570: checking for ld used by /home/stuartb/Projects/os/src/build-gcc/./gcc/xgcc -B/home/stuartb/Projects/os/src/build-gcc/./gcc/ -B/home/stuartb/Projects/os/cross/i686-elf/bin/ -B/home/stuartb/Projects/os/cross/i686-elf/lib/ -isystem /home/stuartb/Projects/os/cross/i686-elf/include -isystem /home/stuartb/Projects/os/cross/i686-elf/sys-include   
configure:5637: result: /home/stuartb/Projects/os/src/build-gcc/./gcc/collect-ld
configure:5644: checking if the linker (/home/stuartb/Projects/os/src/build-gcc/./gcc/collect-ld) is GNU ld
configure:5659: result: yes
configure:5671: checking for BSD- or MS-compatible name lister (nm)
configure:5720: result: /home/stuartb/Projects/os/src/build-gcc/./gcc/nm
configure:5850: checking the name lister (/home/stuartb/Projects/os/src/build-gcc/./gcc/nm) interface
configure:5857: /home/stuartb/Projects/os/src/build-gcc/./gcc/xgcc -B/home/stuartb/Projects/os/src/build-gcc/./gcc/ -B/home/stuartb/Projects/os/cross/i686-elf/bin/ -B/home/stuartb/Projects/os/cross/i686-elf/lib/ -isystem /home/stuartb/Projects/os/cross/i686-elf/include -isystem /home/stuartb/Projects/os/cross/i686-elf/sys-include    -c -g -O2  conftest.c >&5
configure:5860: /home/stuartb/Projects/os/src/build-gcc/./gcc/nm "conftest.o"
configure:5863: output
00000000 B some_variable
configure:5870: result: BSD nm
configure:5874: checking the maximum length of command line arguments
configure:5999: result: 3458764513820540925
configure:6016: checking whether the shell understands some XSI constructs
configure:6026: result: yes
configure:6030: checking whether the shell understands "+="
configure:6036: result: yes
configure:6071: checking for /home/stuartb/Projects/os/src/build-gcc/./gcc/collect-ld option to reload object files
configure:6078: result: -r
configure:6107: checking for i686-elf-objdump
configure:6134: result: /home/stuartb/Projects/os/cross/i686-elf/bin/objdump
configure:6206: checking how to recognize dependent libraries
configure:6407: result: unknown
configure:6427: checking for i686-elf-ar
configure:6454: result: /home/stuartb/Projects/os/cross/i686-elf/bin/ar
configure:6532: checking for i686-elf-strip
configure:6559: result: /home/stuartb/Projects/os/cross/i686-elf/bin/strip
configure:6631: checking for i686-elf-ranlib
configure:6658: result: /home/stuartb/Projects/os/cross/i686-elf/bin/ranlib
configure:6800: checking command to parse /home/stuartb/Projects/os/src/build-gcc/./gcc/nm output from /home/stuartb/Projects/os/src/build-gcc/./gcc/xgcc -B/home/stuartb/Projects/os/src/build-gcc/./gcc/ -B/home/stuartb/Projects/os/cross/i686-elf/bin/ -B/home/stuartb/Projects/os/cross/i686-elf/lib/ -isystem /home/stuartb/Projects/os/cross/i686-elf/include -isystem /home/stuartb/Projects/os/cross/i686-elf/sys-include    object
configure:6918: /home/stuartb/Projects/os/src/build-gcc/./gcc/xgcc -B/home/stuartb/Projects/os/src/build-gcc/./gcc/ -B/home/stuartb/Projects/os/cross/i686-elf/bin/ -B/home/stuartb/Projects/os/cross/i686-elf/lib/ -isystem /home/stuartb/Projects/os/cross/i686-elf/include -isystem /home/stuartb/Projects/os/cross/i686-elf/sys-include    -c -g -O2  conftest.c >&5
configure:6921: $? = 0
configure:6925: /home/stuartb/Projects/os/src/build-gcc/./gcc/nm conftest.o \| sed -n -e 's/^.*[ ]\([ABCDGIRSTW][ABCDGIRSTW]*\)[ ][ ]*\([_A-Za-z][_A-Za-z0-9]*\)$/\1 \2 \2/p' \> conftest.nm
configure:6928: $? = 0
configure:6982: /home/stuartb/Projects/os/src/build-gcc/./gcc/xgcc -B/home/stuartb/Projects/os/src/build-gcc/./gcc/ -B/home/stuartb/Projects/os/cross/i686-elf/bin/ -B/home/stuartb/Projects/os/cross/i686-elf/lib/ -isystem /home/stuartb/Projects/os/cross/i686-elf/include -isystem /home/stuartb/Projects/os/cross/i686-elf/sys-include    -o conftest -g -O2   conftest.c conftstm.o >&5
/home/stuartb/Projects/os/cross/i686-elf/bin/ld: cannot find crt0.o: No such file or directory
/home/stuartb/Projects/os/cross/i686-elf/bin/ld: cannot find -lg
/home/stuartb/Projects/os/cross/i686-elf/bin/ld: cannot find -lc
collect2: error: ld returned 1 exit status
configure:6985: $? = 1
configure:6918: /home/stuartb/Projects/os/src/build-gcc/./gcc/xgcc -B/home/stuartb/Projects/os/src/build-gcc/./gcc/ -B/home/stuartb/Projects/os/cross/i686-elf/bin/ -B/home/stuartb/Projects/os/cross/i686-elf/lib/ -isystem /home/stuartb/Projects/os/cross/i686-elf/include -isystem /home/stuartb/Projects/os/cross/i686-elf/sys-include    -c -g -O2  conftest.c >&5
configure:6921: $? = 0
configure:6925: /home/stuartb/Projects/os/src/build-gcc/./gcc/nm conftest.o \| sed -n -e 's/^.*[ ]\([ABCDGIRSTW][ABCDGIRSTW]*\)[ ][ ]*_\([_A-Za-z][_A-Za-z0-9]*\)$/\1 _\2 \2/p' \> conftest.nm
configure:6928: $? = 0
cannot run sed -n -e 's/^.*[	 ]\([ABCDGIRSTW][ABCDGIRSTW]*\)[	 ][	 ]*_\([_A-Za-z][_A-Za-z0-9]*\)$/\1 _\2 \2/p'
configure:7020: result: failed
configure:7869: checking for ANSI C header files
configure:7889: /home/stuartb/Projects/os/src/build-gcc/./gcc/xgcc -B/home/stuartb/Projects/os/src/build-gcc/./gcc/ -B/home/stuartb/Projects/os/cross/i686-elf/bin/ -B/home/stuartb/Projects/os/cross/i686-elf/lib/ -isystem /home/stuartb/Projects/os/cross/i686-elf/include -isystem /home/stuartb/Projects/os/cross/i686-elf/sys-include    -c -g -O2  conftest.c >&5
conftest.c:9:20: fatal error: stdlib.h: No such file or directory
 #include <stdlib.h>
                    ^
compilation terminated.
configure:7889: $? = 1
configure: failed program was:
| /* confdefs.h */
| #define PACKAGE_NAME "package-unused"
| #define PACKAGE_TARNAME "libstdc++"
| #define PACKAGE_VERSION "version-unused"
| #define PACKAGE_STRING "package-unused version-unused"
| #define PACKAGE_BUGREPORT ""
| #define PACKAGE_URL ""
| /* end confdefs.h.  */
| #include <stdlib.h>
| #include <stdarg.h>
| #include <string.h>
| #include <float.h>
| 
| int
| main ()
| {
| 
|   ;
|   return 0;
| }
configure:7973: result: no
configure:7986: checking for sys/types.h
configure:7986: /home/stuartb/Projects/os/src/build-gcc/./gcc/xgcc -B/home/stuartb/Projects/os/src/build-gcc/./gcc/ -B/home/stuartb/Projects/os/cross/i686-elf/bin/ -B/home/stuartb/Projects/os/cross/i686-elf/lib/ -isystem /home/stuartb/Projects/os/cross/i686-elf/include -isystem /home/stuartb/Projects/os/cross/i686-elf/sys-include    -c -g -O2  conftest.c >&5
conftest.c:9:19: fatal error: stdio.h: No such file or directory
 #include <stdio.h>
                   ^
compilation terminated.
configure:7986: $? = 1
configure: failed program was:
| /* confdefs.h */
| #define PACKAGE_NAME "package-unused"
| #define PACKAGE_TARNAME "libstdc++"
| #define PACKAGE_VERSION "version-unused"
| #define PACKAGE_STRING "package-unused version-unused"
| #define PACKAGE_BUGREPORT ""
| #define PACKAGE_URL ""
| /* end confdefs.h.  */
| #include <stdio.h>
| #ifdef HAVE_SYS_TYPES_H
| # include <sys/types.h>
| #endif
| #ifdef HAVE_SYS_STAT_H
| # include <sys/stat.h>
| #endif
| #ifdef STDC_HEADERS
| # include <stdlib.h>
| # include <stddef.h>
| #else
| # ifdef HAVE_STDLIB_H
| #  include <stdlib.h>
| # endif
| #endif
| #ifdef HAVE_STRING_H
| # if !defined STDC_HEADERS && defined HAVE_MEMORY_H
| #  include <memory.h>
| # endif
| # include <string.h>
| #endif
| #ifdef HAVE_STRINGS_H
| # include <strings.h>
| #endif
| #ifdef HAVE_INTTYPES_H
| # include <inttypes.h>
| #endif
| #ifdef HAVE_STDINT_H
| # include <stdint.h>
| #endif
| #ifdef HAVE_UNISTD_H
| # include <unistd.h>
| #endif
| 
| #include <sys/types.h>
configure:7986: result: no
configure:7986: checking for sys/stat.h
configure:7986: /home/stuartb/Projects/os/src/build-gcc/./gcc/xgcc -B/home/stuartb/Projects/os/src/build-gcc/./gcc/ -B/home/stuartb/Projects/os/cross/i686-elf/bin/ -B/home/stuartb/Projects/os/cross/i686-elf/lib/ -isystem /home/stuartb/Projects/os/cross/i686-elf/include -isystem /home/stuartb/Projects/os/cross/i686-elf/sys-include    -c -g -O2  conftest.c >&5
conftest.c:9:19: fatal error: stdio.h: No such file or directory
 #include <stdio.h>
                   ^
compilation terminated.
configure:7986: $? = 1
configure: failed program was:
| /* confdefs.h */
| #define PACKAGE_NAME "package-unused"
| #define PACKAGE_TARNAME "libstdc++"
| #define PACKAGE_VERSION "version-unused"
| #define PACKAGE_STRING "package-unused version-unused"
| #define PACKAGE_BUGREPORT ""
| #define PACKAGE_URL ""
| /* end confdefs.h.  */
| #include <stdio.h>
| #ifdef HAVE_SYS_TYPES_H
| # include <sys/types.h>
| #endif
| #ifdef HAVE_SYS_STAT_H
| # include <sys/stat.h>
| #endif
| #ifdef STDC_HEADERS
| # include <stdlib.h>
| # include <stddef.h>
| #else
| # ifdef HAVE_STDLIB_H
| #  include <stdlib.h>
| # endif
| #endif
| #ifdef HAVE_STRING_H
| # if !defined STDC_HEADERS && defined HAVE_MEMORY_H
| #  include <memory.h>
| # endif
| # include <string.h>
| #endif
| #ifdef HAVE_STRINGS_H
| # include <strings.h>
| #endif
| #ifdef HAVE_INTTYPES_H
| # include <inttypes.h>
| #endif
| #ifdef HAVE_STDINT_H
| # include <stdint.h>
| #endif
| #ifdef HAVE_UNISTD_H
| # include <unistd.h>
| #endif
| 
| #include <sys/stat.h>
configure:7986: result: no
configure:7986: checking for stdlib.h
configure:7986: /home/stuartb/Projects/os/src/build-gcc/./gcc/xgcc -B/home/stuartb/Projects/os/src/build-gcc/./gcc/ -B/home/stuartb/Projects/os/cross/i686-elf/bin/ -B/home/stuartb/Projects/os/cross/i686-elf/lib/ -isystem /home/stuartb/Projects/os/cross/i686-elf/include -isystem /home/stuartb/Projects/os/cross/i686-elf/sys-include    -c -g -O2  conftest.c >&5
conftest.c:9:19: fatal error: stdio.h: No such file or directory
 #include <stdio.h>
                   ^
compilation terminated.
configure:7986: $? = 1
configure: failed program was:
| /* confdefs.h */
| #define PACKAGE_NAME "package-unused"
| #define PACKAGE_TARNAME "libstdc++"
| #define PACKAGE_VERSION "version-unused"
| #define PACKAGE_STRING "package-unused version-unused"
| #define PACKAGE_BUGREPORT ""
| #define PACKAGE_URL ""
| /* end confdefs.h.  */
| #include <stdio.h>
| #ifdef HAVE_SYS_TYPES_H
| # include <sys/types.h>
| #endif
| #ifdef HAVE_SYS_STAT_H
| # include <sys/stat.h>
| #endif
| #ifdef STDC_HEADERS
| # include <stdlib.h>
| # include <stddef.h>
| #else
| # ifdef HAVE_STDLIB_H
| #  include <stdlib.h>
| # endif
| #endif
| #ifdef HAVE_STRING_H
| # if !defined STDC_HEADERS && defined HAVE_MEMORY_H
| #  include <memory.h>
| # endif
| # include <string.h>
| #endif
| #ifdef HAVE_STRINGS_H
| # include <strings.h>
| #endif
| #ifdef HAVE_INTTYPES_H
| # include <inttypes.h>
| #endif
| #ifdef HAVE_STDINT_H
| # include <stdint.h>
| #endif
| #ifdef HAVE_UNISTD_H
| # include <unistd.h>
| #endif
| 
| #include <stdlib.h>
configure:7986: result: no
configure:7986: checking for string.h
configure:7986: /home/stuartb/Projects/os/src/build-gcc/./gcc/xgcc -B/home/stuartb/Projects/os/src/build-gcc/./gcc/ -B/home/stuartb/Projects/os/cross/i686-elf/bin/ -B/home/stuartb/Projects/os/cross/i686-elf/lib/ -isystem /home/stuartb/Projects/os/cross/i686-elf/include -isystem /home/stuartb/Projects/os/cross/i686-elf/sys-include    -c -g -O2  conftest.c >&5
conftest.c:9:19: fatal error: stdio.h: No such file or directory
 #include <stdio.h>
                   ^
compilation terminated.
configure:7986: $? = 1
configure: failed program was:
| /* confdefs.h */
| #define PACKAGE_NAME "package-unused"
| #define PACKAGE_TARNAME "libstdc++"
| #define PACKAGE_VERSION "version-unused"
| #define PACKAGE_STRING "package-unused version-unused"
| #define PACKAGE_BUGREPORT ""
| #define PACKAGE_URL ""
| /* end confdefs.h.  */
| #include <stdio.h>
| #ifdef HAVE_SYS_TYPES_H
| # include <sys/types.h>
| #endif
| #ifdef HAVE_SYS_STAT_H
| # include <sys/stat.h>
| #endif
| #ifdef STDC_HEADERS
| # include <stdlib.h>
| # include <stddef.h>
| #else
| # ifdef HAVE_STDLIB_H
| #  include <stdlib.h>
| # endif
| #endif
| #ifdef HAVE_STRING_H
| # if !defined STDC_HEADERS && defined HAVE_MEMORY_H
| #  include <memory.h>
| # endif
| # include <string.h>
| #endif
| #ifdef HAVE_STRINGS_H
| # include <strings.h>
| #endif
| #ifdef HAVE_INTTYPES_H
| # include <inttypes.h>
| #endif
| #ifdef HAVE_STDINT_H
| # include <stdint.h>
| #endif
| #ifdef HAVE_UNISTD_H
| # include <unistd.h>
| #endif
| 
| #include <string.h>
configure:7986: result: no
configure:7986: checking for memory.h
configure:7986: /home/stuartb/Projects/os/src/build-gcc/./gcc/xgcc -B/home/stuartb/Projects/os/src/build-gcc/./gcc/ -B/home/stuartb/Projects/os/cross/i686-elf/bin/ -B/home/stuartb/Projects/os/cross/i686-elf/lib/ -isystem /home/stuartb/Projects/os/cross/i686-elf/include -isystem /home/stuartb/Projects/os/cross/i686-elf/sys-include    -c -g -O2  conftest.c >&5
conftest.c:9:19: fatal error: stdio.h: No such file or directory
 #include <stdio.h>
                   ^
compilation terminated.
configure:7986: $? = 1
configure: failed program was:
| /* confdefs.h */
| #define PACKAGE_NAME "package-unused"
| #define PACKAGE_TARNAME "libstdc++"
| #define PACKAGE_VERSION "version-unused"
| #define PACKAGE_STRING "package-unused version-unused"
| #define PACKAGE_BUGREPORT ""
| #define PACKAGE_URL ""
| /* end confdefs.h.  */
| #include <stdio.h>
| #ifdef HAVE_SYS_TYPES_H
| # include <sys/types.h>
| #endif
| #ifdef HAVE_SYS_STAT_H
| # include <sys/stat.h>
| #endif
| #ifdef STDC_HEADERS
| # include <stdlib.h>
| # include <stddef.h>
| #else
| # ifdef HAVE_STDLIB_H
| #  include <stdlib.h>
| # endif
| #endif
| #ifdef HAVE_STRING_H
| # if !defined STDC_HEADERS && defined HAVE_MEMORY_H
| #  include <memory.h>
| # endif
| # include <string.h>
| #endif
| #ifdef HAVE_STRINGS_H
| # include <strings.h>
| #endif
| #ifdef HAVE_INTTYPES_H
| # include <inttypes.h>
| #endif
| #ifdef HAVE_STDINT_H
| # include <stdint.h>
| #endif
| #ifdef HAVE_UNISTD_H
| # include <unistd.h>
| #endif
| 
| #include <memory.h>
configure:7986: result: no
configure:7986: checking for strings.h
configure:7986: /home/stuartb/Projects/os/src/build-gcc/./gcc/xgcc -B/home/stuartb/Projects/os/src/build-gcc/./gcc/ -B/home/stuartb/Projects/os/cross/i686-elf/bin/ -B/home/stuartb/Projects/os/cross/i686-elf/lib/ -isystem /home/stuartb/Projects/os/cross/i686-elf/include -isystem /home/stuartb/Projects/os/cross/i686-elf/sys-include    -c -g -O2  conftest.c >&5
conftest.c:9:19: fatal error: stdio.h: No such file or directory
 #include <stdio.h>
                   ^
compilation terminated.
configure:7986: $? = 1
configure: failed program was:
| /* confdefs.h */
| #define PACKAGE_NAME "package-unused"
| #define PACKAGE_TARNAME "libstdc++"
| #define PACKAGE_VERSION "version-unused"
| #define PACKAGE_STRING "package-unused version-unused"
| #define PACKAGE_BUGREPORT ""
| #define PACKAGE_URL ""
| /* end confdefs.h.  */
| #include <stdio.h>
| #ifdef HAVE_SYS_TYPES_H
| # include <sys/types.h>
| #endif
| #ifdef HAVE_SYS_STAT_H
| # include <sys/stat.h>
| #endif
| #ifdef STDC_HEADERS
| # include <stdlib.h>
| # include <stddef.h>
| #else
| # ifdef HAVE_STDLIB_H
| #  include <stdlib.h>
| # endif
| #endif
| #ifdef HAVE_STRING_H
| # if !defined STDC_HEADERS && defined HAVE_MEMORY_H
| #  include <memory.h>
| # endif
| # include <string.h>
| #endif
| #ifdef HAVE_STRINGS_H
| # include <strings.h>
| #endif
| #ifdef HAVE_INTTYPES_H
| # include <inttypes.h>
| #endif
| #ifdef HAVE_STDINT_H
| # include <stdint.h>
| #endif
| #ifdef HAVE_UNISTD_H
| # include <unistd.h>
| #endif
| 
| #include <strings.h>
configure:7986: result: no
configure:7986: checking for inttypes.h
configure:7986: /home/stuartb/Projects/os/src/build-gcc/./gcc/xgcc -B/home/stuartb/Projects/os/src/build-gcc/./gcc/ -B/home/stuartb/Projects/os/cross/i686-elf/bin/ -B/home/stuartb/Projects/os/cross/i686-elf/lib/ -isystem /home/stuartb/Projects/os/cross/i686-elf/include -isystem /home/stuartb/Projects/os/cross/i686-elf/sys-include    -c -g -O2  conftest.c >&5
conftest.c:9:19: fatal error: stdio.h: No such file or directory
 #include <stdio.h>
                   ^
compilation terminated.
configure:7986: $? = 1
configure: failed program was:
| /* confdefs.h */
| #define PACKAGE_NAME "package-unused"
| #define PACKAGE_TARNAME "libstdc++"
| #define PACKAGE_VERSION "version-unused"
| #define PACKAGE_STRING "package-unused version-unused"
| #define PACKAGE_BUGREPORT ""
| #define PACKAGE_URL ""
| /* end confdefs.h.  */
| #include <stdio.h>
| #ifdef HAVE_SYS_TYPES_H
| # include <sys/types.h>
| #endif
| #ifdef HAVE_SYS_STAT_H
| # include <sys/stat.h>
| #endif
| #ifdef STDC_HEADERS
| # include <stdlib.h>
| # include <stddef.h>
| #else
| # ifdef HAVE_STDLIB_H
| #  include <stdlib.h>
| # endif
| #endif
| #ifdef HAVE_STRING_H
| # if !defined STDC_HEADERS && defined HAVE_MEMORY_H
| #  include <memory.h>
| # endif
| # include <string.h>
| #endif
| #ifdef HAVE_STRINGS_H
| # include <strings.h>
| #endif
| #ifdef HAVE_INTTYPES_H
| # include <inttypes.h>
| #endif
| #ifdef HAVE_STDINT_H
| # include <stdint.h>
| #endif
| #ifdef HAVE_UNISTD_H
| # include <unistd.h>
| #endif
| 
| #include <inttypes.h>
configure:7986: result: no
configure:7986: checking for stdint.h
configure:7986: /home/stuartb/Projects/os/src/build-gcc/./gcc/xgcc -B/home/stuartb/Projects/os/src/build-gcc/./gcc/ -B/home/stuartb/Projects/os/cross/i686-elf/bin/ -B/home/stuartb/Projects/os/cross/i686-elf/lib/ -isystem /home/stuartb/Projects/os/cross/i686-elf/include -isystem /home/stuartb/Projects/os/cross/i686-elf/sys-include    -c -g -O2  conftest.c >&5
conftest.c:9:19: fatal error: stdio.h: No such file or directory
 #include <stdio.h>
                   ^
compilation terminated.
configure:7986: $? = 1
configure: failed program was:
| /* confdefs.h */
| #define PACKAGE_NAME "package-unused"
| #define PACKAGE_TARNAME "libstdc++"
| #define PACKAGE_VERSION "version-unused"
| #define PACKAGE_STRING "package-unused version-unused"
| #define PACKAGE_BUGREPORT ""
| #define PACKAGE_URL ""
| /* end confdefs.h.  */
| #include <stdio.h>
| #ifdef HAVE_SYS_TYPES_H
| # include <sys/types.h>
| #endif
| #ifdef HAVE_SYS_STAT_H
| # include <sys/stat.h>
| #endif
| #ifdef STDC_HEADERS
| # include <stdlib.h>
| # include <stddef.h>
| #else
| # ifdef HAVE_STDLIB_H
| #  include <stdlib.h>
| # endif
| #endif
| #ifdef HAVE_STRING_H
| # if !defined STDC_HEADERS && defined HAVE_MEMORY_H
| #  include <memory.h>
| # endif
| # include <string.h>
| #endif
| #ifdef HAVE_STRINGS_H
| # include <strings.h>
| #endif
| #ifdef HAVE_INTTYPES_H
| # include <inttypes.h>
| #endif
| #ifdef HAVE_STDINT_H
| # include <stdint.h>
| #endif
| #ifdef HAVE_UNISTD_H
| # include <unistd.h>
| #endif
| 
| #include <stdint.h>
configure:7986: result: no
configure:7986: checking for unistd.h
configure:7986: /home/stuartb/Projects/os/src/build-gcc/./gcc/xgcc -B/home/stuartb/Projects/os/src/build-gcc/./gcc/ -B/home/stuartb/Projects/os/cross/i686-elf/bin/ -B/home/stuartb/Projects/os/cross/i686-elf/lib/ -isystem /home/stuartb/Projects/os/cross/i686-elf/include -isystem /home/stuartb/Projects/os/cross/i686-elf/sys-include    -c -g -O2  conftest.c >&5
conftest.c:9:19: fatal error: stdio.h: No such file or directory
 #include <stdio.h>
                   ^
compilation terminated.
configure:7986: $? = 1
configure: failed program was:
| /* confdefs.h */
| #define PACKAGE_NAME "package-unused"
| #define PACKAGE_TARNAME "libstdc++"
| #define PACKAGE_VERSION "version-unused"
| #define PACKAGE_STRING "package-unused version-unused"
| #define PACKAGE_BUGREPORT ""
| #define PACKAGE_URL ""
| /* end confdefs.h.  */
| #include <stdio.h>
| #ifdef HAVE_SYS_TYPES_H
| # include <sys/types.h>
| #endif
| #ifdef HAVE_SYS_STAT_H
| # include <sys/stat.h>
| #endif
| #ifdef STDC_HEADERS
| # include <stdlib.h>
| # include <stddef.h>
| #else
| # ifdef HAVE_STDLIB_H
| #  include <stdlib.h>
| # endif
| #endif
| #ifdef HAVE_STRING_H
| # if !defined STDC_HEADERS && defined HAVE_MEMORY_H
| #  include <memory.h>
| # endif
| # include <string.h>
| #endif
| #ifdef HAVE_STRINGS_H
| # include <strings.h>
| #endif
| #ifdef HAVE_INTTYPES_H
| # include <inttypes.h>
| #endif
| #ifdef HAVE_STDINT_H
| # include <stdint.h>
| #endif
| #ifdef HAVE_UNISTD_H
| # include <unistd.h>
| #endif
| 
| #include <unistd.h>
configure:7986: result: no
configure:8001: checking for dlfcn.h
configure:8001: /home/stuartb/Projects/os/src/build-gcc/./gcc/xgcc -B/home/stuartb/Projects/os/src/build-gcc/./gcc/ -B/home/stuartb/Projects/os/cross/i686-elf/bin/ -B/home/stuartb/Projects/os/cross/i686-elf/lib/ -isystem /home/stuartb/Projects/os/cross/i686-elf/include -isystem /home/stuartb/Projects/os/cross/i686-elf/sys-include    -c -g -O2  conftest.c >&5
conftest.c:9:19: fatal error: stdio.h: No such file or directory
 #include <stdio.h>
                   ^
compilation terminated.
configure:8001: $? = 1
configure: failed program was:
| /* confdefs.h */
| #define PACKAGE_NAME "package-unused"
| #define PACKAGE_TARNAME "libstdc++"
| #define PACKAGE_VERSION "version-unused"
| #define PACKAGE_STRING "package-unused version-unused"
| #define PACKAGE_BUGREPORT ""
| #define PACKAGE_URL ""
| /* end confdefs.h.  */
| #include <stdio.h>
| #ifdef HAVE_SYS_TYPES_H
| # include <sys/types.h>
| #endif
| #ifdef HAVE_SYS_STAT_H
| # include <sys/stat.h>
| #endif
| #ifdef STDC_HEADERS
| # include <stdlib.h>
| # include <stddef.h>
| #else
| # ifdef HAVE_STDLIB_H
| #  include <stdlib.h>
| # endif
| #endif
| #ifdef HAVE_STRING_H
| # if !defined STDC_HEADERS && defined HAVE_MEMORY_H
| #  include <memory.h>
| # endif
| # include <string.h>
| #endif
| #ifdef HAVE_STRINGS_H
| # include <strings.h>
| #endif
| #ifdef HAVE_INTTYPES_H
| # include <inttypes.h>
| #endif
| #ifdef HAVE_STDINT_H
| # include <stdint.h>
| #endif
| #ifdef HAVE_UNISTD_H
| # include <unistd.h>
| #endif
| 
| #include <dlfcn.h>
configure:8001: result: no
configure:8187: checking for objdir
configure:8202: result: .libs
configure:8473: checking if /home/stuartb/Projects/os/src/build-gcc/./gcc/xgcc -B/home/stuartb/Projects/os/src/build-gcc/./gcc/ -B/home/stuartb/Projects/os/cross/i686-elf/bin/ -B/home/stuartb/Projects/os/cross/i686-elf/lib/ -isystem /home/stuartb/Projects/os/cross/i686-elf/include -isystem /home/stuartb/Projects/os/cross/i686-elf/sys-include    supports -fno-rtti -fno-exceptions
configure:8491: /home/stuartb/Projects/os/src/build-gcc/./gcc/xgcc -B/home/stuartb/Projects/os/src/build-gcc/./gcc/ -B/home/stuartb/Projects/os/cross/i686-elf/bin/ -B/home/stuartb/Projects/os/cross/i686-elf/lib/ -isystem /home/stuartb/Projects/os/cross/i686-elf/include -isystem /home/stuartb/Projects/os/cross/i686-elf/sys-include    -c -g -O2  -fno-rtti -fno-exceptions conftest.c >&5
cc1: warning: command line option '-fno-rtti' is valid for C++/ObjC++ but not for C [enabled by default]
configure:8495: $? = 0
configure:8508: result: no
configure:8528: checking for /home/stuartb/Projects/os/src/build-gcc/./gcc/xgcc -B/home/stuartb/Projects/os/src/build-gcc/./gcc/ -B/home/stuartb/Projects/os/cross/i686-elf/bin/ -B/home/stuartb/Projects/os/cross/i686-elf/lib/ -isystem /home/stuartb/Projects/os/cross/i686-elf/include -isystem /home/stuartb/Projects/os/cross/i686-elf/sys-include    option to produce PIC
configure:8814: result: -fPIC -DPIC
configure:8826: checking if /home/stuartb/Projects/os/src/build-gcc/./gcc/xgcc -B/home/stuartb/Projects/os/src/build-gcc/./gcc/ -B/home/stuartb/Projects/os/cross/i686-elf/bin/ -B/home/stuartb/Projects/os/cross/i686-elf/lib/ -isystem /home/stuartb/Projects/os/cross/i686-elf/include -isystem /home/stuartb/Projects/os/cross/i686-elf/sys-include    PIC flag -fPIC -DPIC works
configure:8844: /home/stuartb/Projects/os/src/build-gcc/./gcc/xgcc -B/home/stuartb/Projects/os/src/build-gcc/./gcc/ -B/home/stuartb/Projects/os/cross/i686-elf/bin/ -B/home/stuartb/Projects/os/cross/i686-elf/lib/ -isystem /home/stuartb/Projects/os/cross/i686-elf/include -isystem /home/stuartb/Projects/os/cross/i686-elf/sys-include    -c -g -O2  -fPIC -DPIC -DPIC conftest.c >&5
configure:8848: $? = 0
configure:8861: result: yes
configure:8885: checking if /home/stuartb/Projects/os/src/build-gcc/./gcc/xgcc -B/home/stuartb/Projects/os/src/build-gcc/./gcc/ -B/home/stuartb/Projects/os/cross/i686-elf/bin/ -B/home/stuartb/Projects/os/cross/i686-elf/lib/ -isystem /home/stuartb/Projects/os/cross/i686-elf/include -isystem /home/stuartb/Projects/os/cross/i686-elf/sys-include    static flag -static works
configure:8913: result: no
configure:8928: checking if /home/stuartb/Projects/os/src/build-gcc/./gcc/xgcc -B/home/stuartb/Projects/os/src/build-gcc/./gcc/ -B/home/stuartb/Projects/os/cross/i686-elf/bin/ -B/home/stuartb/Projects/os/cross/i686-elf/lib/ -isystem /home/stuartb/Projects/os/cross/i686-elf/include -isystem /home/stuartb/Projects/os/cross/i686-elf/sys-include    supports -c -o file.o
configure:8949: /home/stuartb/Projects/os/src/build-gcc/./gcc/xgcc -B/home/stuartb/Projects/os/src/build-gcc/./gcc/ -B/home/stuartb/Projects/os/cross/i686-elf/bin/ -B/home/stuartb/Projects/os/cross/i686-elf/lib/ -isystem /home/stuartb/Projects/os/cross/i686-elf/include -isystem /home/stuartb/Projects/os/cross/i686-elf/sys-include    -c -g -O2  -o out/conftest2.o conftest.c >&5
configure:8953: $? = 0
configure:8975: result: yes
configure:8983: checking if /home/stuartb/Projects/os/src/build-gcc/./gcc/xgcc -B/home/stuartb/Projects/os/src/build-gcc/./gcc/ -B/home/stuartb/Projects/os/cross/i686-elf/bin/ -B/home/stuartb/Projects/os/cross/i686-elf/lib/ -isystem /home/stuartb/Projects/os/cross/i686-elf/include -isystem /home/stuartb/Projects/os/cross/i686-elf/sys-include    supports -c -o file.o
configure:9030: result: yes
configure:9063: checking whether the /home/stuartb/Projects/os/src/build-gcc/./gcc/xgcc -B/home/stuartb/Projects/os/src/build-gcc/./gcc/ -B/home/stuartb/Projects/os/cross/i686-elf/bin/ -B/home/stuartb/Projects/os/cross/i686-elf/lib/ -isystem /home/stuartb/Projects/os/cross/i686-elf/include -isystem /home/stuartb/Projects/os/cross/i686-elf/sys-include    linker (/home/stuartb/Projects/os/src/build-gcc/./gcc/collect-ld) supports shared libraries
configure:10143: result: yes
configure:10180: checking whether -lc should be explicitly linked in
configure:10188: /home/stuartb/Projects/os/src/build-gcc/./gcc/xgcc -B/home/stuartb/Projects/os/src/build-gcc/./gcc/ -B/home/stuartb/Projects/os/cross/i686-elf/bin/ -B/home/stuartb/Projects/os/cross/i686-elf/lib/ -isystem /home/stuartb/Projects/os/cross/i686-elf/include -isystem /home/stuartb/Projects/os/cross/i686-elf/sys-include    -c -g -O2  conftest.c >&5
configure:10191: $? = 0
configure:10206: /home/stuartb/Projects/os/src/build-gcc/./gcc/xgcc -B/home/stuartb/Projects/os/src/build-gcc/./gcc/ -B/home/stuartb/Projects/os/cross/i686-elf/bin/ -B/home/stuartb/Projects/os/cross/i686-elf/lib/ -isystem /home/stuartb/Projects/os/cross/i686-elf/include -isystem /home/stuartb/Projects/os/cross/i686-elf/sys-include    -shared conftest.o  -v -Wl,-soname -Wl,conftest -o conftest 2\>\&1 \| /bin/grep  -lc  \>/dev/null 2\>\&1
configure:10209: $? = 1
configure:10223: result: yes
configure:10388: checking dynamic linker characteristics
configure:11064: result: no
configure:11171: checking how to hardcode library paths into programs
configure:11196: result: immediate
configure:11293: checking for shl_load
configure:11293: error: Link tests are not allowed after GCC_NO_EXECUTABLES.

## ---------------- ##
## Cache variables. ##
## ---------------- ##

ac_cv_build=x86_64-unknown-linux-gnu
ac_cv_c_compiler_gnu=yes
ac_cv_cxx_compiler_gnu=yes
ac_cv_env_CCC_set=
ac_cv_env_CCC_value=
ac_cv_env_CC_set=set
ac_cv_env_CC_value='/home/stuartb/Projects/os/src/build-gcc/./gcc/xgcc -B/home/stuartb/Projects/os/src/build-gcc/./gcc/ -B/home/stuartb/Projects/os/cross/i686-elf/bin/ -B/home/stuartb/Projects/os/cross/i686-elf/lib/ -isystem /home/stuartb/Projects/os/cross/i686-elf/include -isystem /home/stuartb/Projects/os/cross/i686-elf/sys-include   '
ac_cv_env_CFLAGS_set=set
ac_cv_env_CFLAGS_value='-g -O2'
ac_cv_env_CPPFLAGS_set=set
ac_cv_env_CPPFLAGS_value=
ac_cv_env_CPP_set=
ac_cv_env_CPP_value=
ac_cv_env_CXXCPP_set=
ac_cv_env_CXXCPP_value=
ac_cv_env_CXXFILT_set=
ac_cv_env_CXXFILT_value=
ac_cv_env_CXXFLAGS_set=set
ac_cv_env_CXXFLAGS_value='-g -O2'
ac_cv_env_CXX_set=set
ac_cv_env_CXX_value=' /home/stuartb/Projects/os/src/build-gcc/./gcc/xgcc -shared-libgcc -B/home/stuartb/Projects/os/src/build-gcc/./gcc -nostdinc++ -L/home/stuartb/Projects/os/src/build-gcc/i686-elf/libstdc++-v3/src -L/home/stuartb/Projects/os/src/build-gcc/i686-elf/libstdc++-v3/src/.libs -B/home/stuartb/Projects/os/cross/i686-elf/bin/ -B/home/stuartb/Projects/os/cross/i686-elf/lib/ -isystem /home/stuartb/Projects/os/cross/i686-elf/include -isystem /home/stuartb/Projects/os/cross/i686-elf/sys-include   '
ac_cv_env_LDFLAGS_set=set
ac_cv_env_LDFLAGS_value=
ac_cv_env_LIBS_set=
ac_cv_env_LIBS_value=
ac_cv_env_build_alias_set=set
ac_cv_env_build_alias_value=x86_64-unknown-linux-gnu
ac_cv_env_host_alias_set=set
ac_cv_env_host_alias_value=i686-elf
ac_cv_env_target_alias_set=set
ac_cv_env_target_alias_value=i686-elf
ac_cv_header_dlfcn_h=no
ac_cv_header_inttypes_h=no
ac_cv_header_memory_h=no
ac_cv_header_stdc=no
ac_cv_header_stdint_h=no
ac_cv_header_stdlib_h=no
ac_cv_header_string_h=no
ac_cv_header_strings_h=no
ac_cv_header_sys_stat_h=no
ac_cv_header_sys_types_h=no
ac_cv_header_unistd_h=no
ac_cv_host=i686-pc-elf
ac_cv_objext=o
ac_cv_path_EGREP='/bin/grep -E'
ac_cv_path_FGREP='/bin/grep -F'
ac_cv_path_GREP=/bin/grep
ac_cv_path_SED=/bin/sed
ac_cv_path_mkdir=/bin/mkdir
ac_cv_prog_AR=/home/stuartb/Projects/os/cross/i686-elf/bin/ar
ac_cv_prog_AS=/home/stuartb/Projects/os/src/build-gcc/./gcc/as
ac_cv_prog_AWK=gawk
ac_cv_prog_CC='/home/stuartb/Projects/os/src/build-gcc/./gcc/xgcc -B/home/stuartb/Projects/os/src/build-gcc/./gcc/ -B/home/stuartb/Projects/os/cross/i686-elf/bin/ -B/home/stuartb/Projects/os/cross/i686-elf/lib/ -isystem /home/stuartb/Projects/os/cross/i686-elf/include -isystem /home/stuartb/Projects/os/cross/i686-elf/sys-include   '
ac_cv_prog_CPP='/home/stuartb/Projects/os/src/build-gcc/./gcc/xgcc -B/home/stuartb/Projects/os/src/build-gcc/./gcc/ -B/home/stuartb/Projects/os/cross/i686-elf/bin/ -B/home/stuartb/Projects/os/cross/i686-elf/lib/ -isystem /home/stuartb/Projects/os/cross/i686-elf/include -isystem /home/stuartb/Projects/os/cross/i686-elf/sys-include    -E'
ac_cv_prog_OBJDUMP=/home/stuartb/Projects/os/cross/i686-elf/bin/objdump
ac_cv_prog_RANLIB=/home/stuartb/Projects/os/cross/i686-elf/bin/ranlib
ac_cv_prog_STRIP=/home/stuartb/Projects/os/cross/i686-elf/bin/strip
ac_cv_prog_cc_c89=no
ac_cv_prog_cc_g=yes
ac_cv_prog_cxx_g=yes
ac_cv_prog_make_make_set=yes
ac_cv_target=i686-pc-elf
lt_cv_archive_cmds_need_lc=yes
lt_cv_deplibs_check_method=unknown
lt_cv_dlopen=no
lt_cv_dlopen_libs=
lt_cv_file_magic_cmd='$MAGIC_CMD'
lt_cv_file_magic_test_file=
lt_cv_ld_reload_flag=-r
lt_cv_nm_interface='BSD nm'
lt_cv_objdir=.libs
lt_cv_path_LD=/home/stuartb/Projects/os/src/build-gcc/./gcc/collect-ld
lt_cv_path_NM=/home/stuartb/Projects/os/src/build-gcc/./gcc/nm
lt_cv_prog_compiler_c_o=yes
lt_cv_prog_compiler_pic_works=yes
lt_cv_prog_compiler_rtti_exceptions=no
lt_cv_prog_compiler_static_works=no
lt_cv_prog_gnu_ld=yes
lt_cv_sys_global_symbol_pipe=
lt_cv_sys_global_symbol_to_c_name_address='sed -n -e '\''s/^: \([^ ]*\) $/  {\"\1\", (void *) 0},/p'\'' -e '\''s/^[ABCDGIRSTW]* \([^ ]*\) \([^ ]*\)$/  {"\2", (void *) \&\2},/p'\'''
lt_cv_sys_global_symbol_to_c_name_address_lib_prefix='sed -n -e '\''s/^: \([^ ]*\) $/  {\"\1\", (void *) 0},/p'\'' -e '\''s/^[ABCDGIRSTW]* \([^ ]*\) \(lib[^ ]*\)$/  {"\2", (void *) \&\2},/p'\'' -e '\''s/^[ABCDGIRSTW]* \([^ ]*\) \([^ ]*\)$/  {"lib\2", (void *) \&\2},/p'\'''
lt_cv_sys_global_symbol_to_cdecl=
lt_cv_sys_max_cmd_len=3458764513820540925

## ----------------- ##
## Output variables. ##
## ----------------- ##

ABI_TWEAKS_SRCDIR=''
ACLOCAL='${SHELL} /home/stuartb/Projects/os/src/gcc-4.8.1/missing --run aclocal-1.11'
ALLOCATOR_H=''
ALLOCATOR_NAME=''
AMTAR='${SHELL} /home/stuartb/Projects/os/src/gcc-4.8.1/missing --run tar'
AR='/home/stuartb/Projects/os/cross/i686-elf/bin/ar'
AS='/home/stuartb/Projects/os/src/build-gcc/./gcc/as'
ATOMICITY_SRCDIR=''
ATOMIC_FLAGS=''
ATOMIC_WORD_SRCDIR=''
AUTOCONF='${SHELL} /home/stuartb/Projects/os/src/gcc-4.8.1/missing --run autoconf'
AUTOHEADER='${SHELL} /home/stuartb/Projects/os/src/gcc-4.8.1/missing --run autoheader'
AUTOMAKE='${SHELL} /home/stuartb/Projects/os/src/gcc-4.8.1/missing --run automake-1.11'
AWK='gawk'
BASIC_FILE_CC=''
BASIC_FILE_H=''
BUILD_EPUB_FALSE=''
BUILD_EPUB_TRUE=''
BUILD_HTML_FALSE=''
BUILD_HTML_TRUE=''
BUILD_INFO_FALSE=''
BUILD_INFO_TRUE=''
BUILD_MAN_FALSE=''
BUILD_MAN_TRUE=''
BUILD_PDF_FALSE=''
BUILD_PDF_TRUE=''
BUILD_XML_FALSE=''
BUILD_XML_TRUE=''
CC='/home/stuartb/Projects/os/src/build-gcc/./gcc/xgcc -B/home/stuartb/Projects/os/src/build-gcc/./gcc/ -B/home/stuartb/Projects/os/cross/i686-elf/bin/ -B/home/stuartb/Projects/os/cross/i686-elf/lib/ -isystem /home/stuartb/Projects/os/cross/i686-elf/include -isystem /home/stuartb/Projects/os/cross/i686-elf/sys-include   '
CCODECVT_CC=''
CCOLLATE_CC=''
CCTYPE_CC=''
CFLAGS='-g -O2'
CLOCALE_CC=''
CLOCALE_H=''
CLOCALE_INTERNAL_H=''
CMESSAGES_CC=''
CMESSAGES_H=''
CMONEY_CC=''
CNUMERIC_CC=''
CPP='/home/stuartb/Projects/os/src/build-gcc/./gcc/xgcc -B/home/stuartb/Projects/os/src/build-gcc/./gcc/ -B/home/stuartb/Projects/os/cross/i686-elf/bin/ -B/home/stuartb/Projects/os/cross/i686-elf/lib/ -isystem /home/stuartb/Projects/os/cross/i686-elf/include -isystem /home/stuartb/Projects/os/cross/i686-elf/sys-include    -E'
CPPFLAGS=''
CPU_DEFINES_SRCDIR=''
CPU_OPT_BITS_RANDOM=''
CPU_OPT_EXT_RANDOM=''
CSTDIO_H=''
CTIME_CC=''
CTIME_H=''
CXX=' /home/stuartb/Projects/os/src/build-gcc/./gcc/xgcc -shared-libgcc -B/home/stuartb/Projects/os/src/build-gcc/./gcc -nostdinc++ -L/home/stuartb/Projects/os/src/build-gcc/i686-elf/libstdc++-v3/src -L/home/stuartb/Projects/os/src/build-gcc/i686-elf/libstdc++-v3/src/.libs -B/home/stuartb/Projects/os/cross/i686-elf/bin/ -B/home/stuartb/Projects/os/cross/i686-elf/lib/ -isystem /home/stuartb/Projects/os/cross/i686-elf/include -isystem /home/stuartb/Projects/os/cross/i686-elf/sys-include   '
CXXCPP=''
CXXFILT=''
CXXFLAGS='-g -O2'
CYGPATH_W='echo'
C_INCLUDE_DIR=''
DBLATEX=''
DEBUG_FLAGS=''
DEFS=''
DOT=''
DOXYGEN=''
DSYMUTIL=''
DUMPBIN=''
ECHO_C=''
ECHO_N='-n'
ECHO_T=''
EGREP='/bin/grep -E'
ENABLE_EXTERN_TEMPLATE_FALSE=''
ENABLE_EXTERN_TEMPLATE_TRUE=''
ENABLE_PYTHONDIR_FALSE=''
ENABLE_PYTHONDIR_TRUE=''
ENABLE_SYMVERS_DARWIN_FALSE=''
ENABLE_SYMVERS_DARWIN_TRUE=''
ENABLE_SYMVERS_FALSE=''
ENABLE_SYMVERS_GNU_FALSE=''
ENABLE_SYMVERS_GNU_NAMESPACE_FALSE=''
ENABLE_SYMVERS_GNU_NAMESPACE_TRUE=''
ENABLE_SYMVERS_GNU_TRUE=''
ENABLE_SYMVERS_SUN_FALSE=''
ENABLE_SYMVERS_SUN_TRUE=''
ENABLE_SYMVERS_TRUE=''
ENABLE_VISIBILITY_FALSE=''
ENABLE_VISIBILITY_TRUE=''
ENABLE_WERROR_FALSE=''
ENABLE_WERROR_TRUE=''
ERROR_CONSTANTS_SRCDIR=''
EXEEXT=''
EXTRA_CXX_FLAGS=''
FGREP='/bin/grep -F'
GLIBCXX_BUILD_DEBUG_FALSE=''
GLIBCXX_BUILD_DEBUG_TRUE=''
GLIBCXX_BUILD_PCH_FALSE=''
GLIBCXX_BUILD_PCH_TRUE=''
GLIBCXX_C_HEADERS_COMPATIBILITY_FALSE=''
GLIBCXX_C_HEADERS_COMPATIBILITY_TRUE=''
GLIBCXX_C_HEADERS_C_FALSE=''
GLIBCXX_C_HEADERS_C_GLOBAL_FALSE=''
GLIBCXX_C_HEADERS_C_GLOBAL_TRUE=''
GLIBCXX_C_HEADERS_C_STD_FALSE=''
GLIBCXX_C_HEADERS_C_STD_TRUE=''
GLIBCXX_C_HEADERS_C_TRUE=''
GLIBCXX_HOSTED_FALSE=''
GLIBCXX_HOSTED_TRUE=''
GLIBCXX_INCLUDES=''
GLIBCXX_LDBL_COMPAT_FALSE=''
GLIBCXX_LDBL_COMPAT_TRUE=''
GLIBCXX_LIBS=''
GREP='/bin/grep'
HWCAP_FLAGS=''
INSTALL_DATA='/usr/bin/install -c -m 644'
INSTALL_PROGRAM='/usr/bin/install -c'
INSTALL_SCRIPT='/usr/bin/install -c'
INSTALL_STRIP_PROGRAM='$(install_sh) -c -s'
LD='/home/stuartb/Projects/os/src/build-gcc/./gcc/collect-ld'
LDFLAGS=''
LIBICONV=''
LIBOBJS=''
LIBS=''
LIBTOOL='$(SHELL) $(top_builddir)/libtool'
LIPO='i686-elf-lipo'
LN_S='ln -s'
LTLIBICONV=''
LTLIBOBJS=''
MAINT='#'
MAINTAINER_MODE_FALSE=''
MAINTAINER_MODE_TRUE='#'
MAKEINFO='makeinfo --split-size=5000000'
MKDIR_P='/bin/mkdir -p'
NM='/home/stuartb/Projects/os/src/build-gcc/./gcc/nm'
NMEDIT=''
OBJDUMP='/home/stuartb/Projects/os/cross/i686-elf/bin/objdump'
OBJEXT='o'
OPTIMIZE_CXXFLAGS=''
OPT_LDFLAGS=''
OS_INC_SRCDIR=''
OTOOL64=''
OTOOL=''
PACKAGE='libstdc++'
PACKAGE_BUGREPORT=''
PACKAGE_NAME='package-unused'
PACKAGE_STRING='package-unused version-unused'
PACKAGE_TARNAME='libstdc++'
PACKAGE_URL=''
PACKAGE_VERSION='version-unused'
PATH_SEPARATOR=':'
PDFLATEX=''
RANLIB='/home/stuartb/Projects/os/cross/i686-elf/bin/ranlib'
SECTION_FLAGS=''
SECTION_LDFLAGS=''
SED='/bin/sed'
SET_MAKE=''
SHELL='/bin/bash'
STRIP='/home/stuartb/Projects/os/cross/i686-elf/bin/strip'
SYMVER_FILE=''
TOPLEVEL_INCLUDES=''
USE_NLS=''
VERSION='version-unused'
WARN_FLAGS=''
WERROR=''
XMLLINT=''
XSLTPROC=''
XSL_STYLE_DIR=''
ac_ct_CC=''
ac_ct_CXX=''
ac_ct_DUMPBIN=''
am__EXEEXT_FALSE=''
am__EXEEXT_TRUE=''
am__isrc=' -I$(srcdir)'
am__leading_dot='.'
am__tar='${AMTAR} chof - "$$tardir"'
am__untar='${AMTAR} xf -'
baseline_dir=''
baseline_subdir_switch=''
bindir='${exec_prefix}/bin'
build='x86_64-unknown-linux-gnu'
build_alias='x86_64-unknown-linux-gnu'
build_cpu='x86_64'
build_os='linux-gnu'
build_vendor='unknown'
check_msgfmt=''
datadir='${datarootdir}'
datarootdir='${prefix}/share'
docdir='${datarootdir}/doc/${PACKAGE_TARNAME}'
dvidir='${docdir}'
enable_shared='yes'
enable_static='yes'
exec_prefix='NONE'
glibcxx_MOFILES=''
glibcxx_PCHFLAGS=''
glibcxx_POFILES=''
glibcxx_builddir='/home/stuartb/Projects/os/src/build-gcc/i686-elf/libstdc++-v3'
glibcxx_compiler_pic_flag=''
glibcxx_compiler_shared_flag=''
glibcxx_localedir=''
glibcxx_lt_pic_flag=''
glibcxx_prefixdir=''
glibcxx_srcdir='/home/stuartb/Projects/os/src/gcc-4.8.1/libstdc++-v3'
glibcxx_toolexecdir=''
glibcxx_toolexeclibdir=''
gxx_include_dir=''
host='i686-pc-elf'
host_alias='i686-elf'
host_cpu='i686'
host_os='elf'
host_vendor='pc'
htmldir='${docdir}'
includedir='${prefix}/include'
infodir='${datarootdir}/info'
install_sh='${SHELL} /home/stuartb/Projects/os/src/gcc-4.8.1/install-sh'
libdir='${exec_prefix}/lib'
libexecdir='${exec_prefix}/libexec'
libtool_VERSION=''
localedir='${datarootdir}/locale'
localstatedir='${prefix}/var'
lt_host_flags=''
mandir='${datarootdir}/man'
mkdir_p='/bin/mkdir -p'
multi_basedir='../../../gcc-4.8.1/libstdc++-v3/..'
oldincludedir='/usr/include'
pdfdir='${docdir}'
port_specific_symbol_files=''
prefix='/home/stuartb/Projects/os/cross'
program_transform_name='s&^&i686-elf-&'
psdir='${docdir}'
python_mod_dir=''
sbindir='${exec_prefix}/sbin'
sharedstatedir='${prefix}/com'
sysconfdir='${prefix}/etc'
target='i686-pc-elf'
target_alias='i686-elf'
target_cpu='i686'
target_os='elf'
target_vendor='pc'
thread_header=''
toplevel_builddir='/home/stuartb/Projects/os/src/build-gcc/i686-elf/libstdc++-v3/..'
toplevel_srcdir='/home/stuartb/Projects/os/src/gcc-4.8.1/libstdc++-v3/..'

## ----------- ##
## confdefs.h. ##
## ----------- ##

/* confdefs.h */
#define PACKAGE_NAME "package-unused"
#define PACKAGE_TARNAME "libstdc++"
#define PACKAGE_VERSION "version-unused"
#define PACKAGE_STRING "package-unused version-unused"
#define PACKAGE_BUGREPORT ""
#define PACKAGE_URL ""
#define LT_OBJDIR ".libs/"

configure: exit 1
